2025-07-29 11:36:16,568 - INFO - 127.0.0.1:59933 - GET /api/v1/docs - Status: [92m200[0m - Time: 0.00s
2025-07-29 11:36:16,800 - INFO - 127.0.0.1:59933 - GET /api/v1/openapi.json - Status: [92m200[0m - Time: 0.04s
2025-07-29 11:55:39,687 - INFO - 127.0.0.1:61184 - GET /api/v1/docs - Status: [92m200[0m - Time: 0.00s
2025-07-29 11:55:39,831 - INFO - 127.0.0.1:61184 - GET /api/v1/openapi.json - Status: [92m200[0m - Time: 0.02s
2025-07-29 11:56:27,456 - INFO - 127.0.0.1:61185 - POST /api/v1/auth/signup - Status: [92m200[0m - Time: 7.87s
2025-07-29 11:56:53,238 - INFO - 127.0.0.1:61212 - POST /api/v1/auth/verify-email/ - Status: [92m200[0m - Time: 9.88s
2025-07-29 11:59:14,390 - INFO - 127.0.0.1:61236 - GET /api/v1/download/zip/estimate-size/hausa/50 - Status: [92m200[0m - Time: 9.13s
2025-07-29 12:01:26,156 - INFO - 127.0.0.1:61307 - GET /api/v1/docs - Status: [92m200[0m - Time: 0.00s
2025-07-29 12:01:26,496 - INFO - 127.0.0.1:61307 - GET /api/v1/openapi.json - Status: [92m200[0m - Time: 0.05s
2025-07-29 12:02:12,727 - INFO - 127.0.0.1:61308 - GET /api/v1/download/zip/estimate-size/hausa/50 - Status: [92m200[0m - Time: 7.17s
2025-07-29 12:13:17,356 - INFO - 127.0.0.1:61822 - GET /api/v1/docs - Status: [92m200[0m - Time: 0.00s
2025-07-29 12:13:17,505 - INFO - 127.0.0.1:61822 - GET /api/v1/openapi.json - Status: [92m200[0m - Time: 0.03s
2025-07-29 12:30:36,350 - INFO - 127.0.0.1:62575 - GET /api/v1/docs - Status: [92m200[0m - Time: 0.00s
2025-07-29 12:30:36,473 - INFO - 127.0.0.1:62575 - GET /api/v1/openapi.json - Status: [92m200[0m - Time: 0.05s
2025-07-29 12:31:00,170 - INFO - 127.0.0.1:62582 - GET /api/v1/download/zip/estimate-size/hausa/50 - Status: [92m200[0m - Time: 3.60s
2025-07-29 12:31:22,014 - INFO - 127.0.0.1:62606 - GET /api/v1/download/zip/hausa/50 - Status: [92m200[0m - Time: 4.03s
2025-07-29 12:31:27,744 - INFO - 127.0.0.1:62610 - GET /api/v1/download/zip/hausa/50 - Status: [92m200[0m - Time: 3.60s
2025-07-29 12:33:59,918 - INFO - 127.0.0.1:62664 - GET /api/v1/download/zip/hausa/50 - Status: [92m200[0m - Time: 3.57s
2025-07-29 12:35:09,028 - INFO - 127.0.0.1:62733 - GET /api/v1/download/zip/hausa/50 - Status: [92m200[0m - Time: 3.62s
2025-07-29 12:35:15,911 - INFO - 127.0.0.1:62737 - GET /api/v1/download/zip/hausa/50 - Status: [92m200[0m - Time: 3.65s
2025-07-29 12:38:50,907 - INFO - 127.0.0.1:62860 - GET /api/v1/docs - Status: [92m200[0m - Time: 0.00s
2025-07-29 12:38:51,123 - INFO - 127.0.0.1:62860 - GET /api/v1/openapi.json - Status: [92m200[0m - Time: 0.02s
2025-07-29 12:39:07,387 - INFO - 127.0.0.1:62861 - GET /api/v1/download/zip/hausa/50 - Status: [92m200[0m - Time: 7.05s
2025-07-29 12:39:29,867 - INFO - 127.0.0.1:62891 - GET /api/v1/download/zip/hausa/50 - Status: [92m200[0m - Time: 3.55s
2025-07-29 12:50:20,753 - INFO - 127.0.0.1:63194 - GET /api/v1/docs - Status: [92m200[0m - Time: 0.00s
2025-07-29 12:50:20,944 - INFO - 127.0.0.1:63194 - GET /api/v1/openapi.json - Status: [92m200[0m - Time: 0.02s
2025-07-29 12:50:37,535 - INFO - 127.0.0.1:63193 - GET /api/v1/download/zip/hausa/50 - Status: [92m200[0m - Time: 7.81s
2025-07-29 12:50:48,003 - INFO - 127.0.0.1:63213 - GET /api/v1/download/zip/hausa/50 - Status: [92m200[0m - Time: 8.63s
2025-07-29 12:53:29,115 - INFO - 127.0.0.1:63274 - GET /api/v1/download/zip/hausa/50 - Status: [92m200[0m - Time: 15.12s
2025-07-29 12:53:43,673 - ERROR - Unhandled exception at GET /api/v1/download/zip/hausa/50: Read timeout on endpoint URL: "None"
2025-07-29 12:53:43,712 - ERROR -   + Exception Group Traceback (most recent call last):
  |   File "C:\Users\Olanrewaju Lawal\Desktop\Lanre\DSN\African Voices\galaxy backbone\venv\Lib\site-packages\starlette\_utils.py", line 77, in collapse_excgroups
  |     yield
  |   File "C:\Users\Olanrewaju Lawal\Desktop\Lanre\DSN\African Voices\galaxy backbone\venv\Lib\site-packages\starlette\responses.py", line 271, in __call__
  |     async with anyio.create_task_group() as task_group:
  |   File "C:\Users\Olanrewaju Lawal\Desktop\Lanre\DSN\African Voices\galaxy backbone\venv\Lib\site-packages\anyio\_backends\_asyncio.py", line 772, in __aexit__
  |     raise BaseExceptionGroup(
  | ExceptionGroup: unhandled errors in a TaskGroup (1 sub-exception)
  +-+---------------- 1 ----------------
    | Traceback (most recent call last):
    |   File "C:\Users\Olanrewaju Lawal\Desktop\Lanre\DSN\African Voices\galaxy backbone\venv\Lib\site-packages\starlette\middleware\errors.py", line 164, in __call__
    |     await self.app(scope, receive, _send)
    |   File "C:\Users\Olanrewaju Lawal\Desktop\Lanre\DSN\African Voices\galaxy backbone\venv\Lib\site-packages\starlette\middleware\cors.py", line 85, in __call__
    |     await self.app(scope, receive, send)
    |   File "C:\Users\Olanrewaju Lawal\Desktop\Lanre\DSN\African Voices\galaxy backbone\venv\Lib\site-packages\starlette\middleware\base.py", line 189, in __call__
    |     raise app_exc
    |   File "C:\Users\Olanrewaju Lawal\Desktop\Lanre\DSN\African Voices\galaxy backbone\venv\Lib\site-packages\starlette\middleware\base.py", line 144, in coro
    |     await self.app(scope, receive_or_disconnect, send_no_error)
    |   File "C:\Users\Olanrewaju Lawal\Desktop\Lanre\DSN\African Voices\galaxy backbone\venv\Lib\site-packages\starlette\middleware\exceptions.py", line 63, in __call__
    |     await wrap_app_handling_exceptions(self.app, conn)(scope, receive, send)
    |   File "C:\Users\Olanrewaju Lawal\Desktop\Lanre\DSN\African Voices\galaxy backbone\venv\Lib\site-packages\starlette\_exception_handler.py", line 53, in wrapped_app
    |     raise exc
    |   File "C:\Users\Olanrewaju Lawal\Desktop\Lanre\DSN\African Voices\galaxy backbone\venv\Lib\site-packages\starlette\_exception_handler.py", line 42, in wrapped_app
    |     await app(scope, receive, sender)
    |   File "C:\Users\Olanrewaju Lawal\Desktop\Lanre\DSN\African Voices\galaxy backbone\venv\Lib\site-packages\starlette\routing.py", line 716, in __call__
    |     await self.middleware_stack(scope, receive, send)
    |   File "C:\Users\Olanrewaju Lawal\Desktop\Lanre\DSN\African Voices\galaxy backbone\venv\Lib\site-packages\starlette\routing.py", line 736, in app
    |     await route.handle(scope, receive, send)
    |   File "C:\Users\Olanrewaju Lawal\Desktop\Lanre\DSN\African Voices\galaxy backbone\venv\Lib\site-packages\starlette\routing.py", line 290, in handle
    |     await self.app(scope, receive, send)
    |   File "C:\Users\Olanrewaju Lawal\Desktop\Lanre\DSN\African Voices\galaxy backbone\venv\Lib\site-packages\starlette\routing.py", line 78, in app
    |     await wrap_app_handling_exceptions(app, request)(scope, receive, send)
    |   File "C:\Users\Olanrewaju Lawal\Desktop\Lanre\DSN\African Voices\galaxy backbone\venv\Lib\site-packages\starlette\_exception_handler.py", line 53, in wrapped_app
    |     raise exc
    |   File "C:\Users\Olanrewaju Lawal\Desktop\Lanre\DSN\African Voices\galaxy backbone\venv\Lib\site-packages\starlette\_exception_handler.py", line 42, in wrapped_app
    |     await app(scope, receive, sender)
    |   File "C:\Users\Olanrewaju Lawal\Desktop\Lanre\DSN\African Voices\galaxy backbone\venv\Lib\site-packages\starlette\routing.py", line 76, in app
    |     await response(scope, receive, send)
    |   File "C:\Users\Olanrewaju Lawal\Desktop\Lanre\DSN\African Voices\galaxy backbone\venv\Lib\site-packages\starlette\responses.py", line 270, in __call__
    |     with collapse_excgroups():
    |   File "C:\Users\Olanrewaju Lawal\AppData\Local\Programs\Python\Python312\Lib\contextlib.py", line 158, in __exit__
    |     self.gen.throw(value)
    |   File "C:\Users\Olanrewaju Lawal\Desktop\Lanre\DSN\African Voices\galaxy backbone\venv\Lib\site-packages\starlette\_utils.py", line 83, in collapse_excgroups
    |     raise exc
    |   File "C:\Users\Olanrewaju Lawal\Desktop\Lanre\DSN\African Voices\galaxy backbone\venv\Lib\site-packages\starlette\responses.py", line 274, in wrap
    |     await func()
    |   File "C:\Users\Olanrewaju Lawal\Desktop\Lanre\DSN\African Voices\galaxy backbone\venv\Lib\site-packages\starlette\responses.py", line 254, in stream_response
    |     async for chunk in self.body_iterator:
    |   File "C:\Users\Olanrewaju Lawal\Desktop\Lanre\DSN\African Voices\galaxy backbone\venv\Lib\site-packages\starlette\concurrency.py", line 61, in iterate_in_threadpool
    |     yield await anyio.to_thread.run_sync(_next, as_iterator)
    |           ^^^^^^^^^^^^^^^^^^^^^^^^^^^^^^^^^^^^^^^^^^^^^^^^^^
    |   File "C:\Users\Olanrewaju Lawal\Desktop\Lanre\DSN\African Voices\galaxy backbone\venv\Lib\site-packages\anyio\to_thread.py", line 56, in run_sync
    |     return await get_async_backend().run_sync_in_worker_thread(
    |            ^^^^^^^^^^^^^^^^^^^^^^^^^^^^^^^^^^^^^^^^^^^^^^^^^^^^
    |   File "C:\Users\Olanrewaju Lawal\Desktop\Lanre\DSN\African Voices\galaxy backbone\venv\Lib\site-packages\anyio\_backends\_asyncio.py", line 2470, in run_sync_in_worker_thread
    |     return await future
    |            ^^^^^^^^^^^^
    |   File "C:\Users\Olanrewaju Lawal\Desktop\Lanre\DSN\African Voices\galaxy backbone\venv\Lib\site-packages\anyio\_backends\_asyncio.py", line 967, in run
    |     result = context.run(func, *args)
    |              ^^^^^^^^^^^^^^^^^^^^^^^^
    |   File "C:\Users\Olanrewaju Lawal\Desktop\Lanre\DSN\African Voices\galaxy backbone\venv\Lib\site-packages\starlette\concurrency.py", line 50, in _next
    |     return next(iterator)
    |            ^^^^^^^^^^^^^^
    |   File "C:\Users\Olanrewaju Lawal\Desktop\Lanre\DSN\African Voices\galaxy backbone\venv\Lib\site-packages\zipstream\__init__.py", line 181, in __iter__
    |     for data in self.flush():
    |   File "C:\Users\Olanrewaju Lawal\Desktop\Lanre\DSN\African Voices\galaxy backbone\venv\Lib\site-packages\zipstream\__init__.py", line 195, in flush
    |     for data in self.__write(**kwargs):
    |   File "C:\Users\Olanrewaju Lawal\Desktop\Lanre\DSN\African Voices\galaxy backbone\venv\Lib\site-packages\zipstream\__init__.py", line 320, in __write
    |     for buf in iterable:
    |   File "C:\Users\Olanrewaju Lawal\Desktop\Lanre\DSN\African Voices\galaxy backbone\venv\Lib\site-packages\botocore\response.py", line 172, in iter_chunks
    |     current_chunk = self.read(chunk_size)
    |                     ^^^^^^^^^^^^^^^^^^^^^
    |   File "C:\Users\Olanrewaju Lawal\Desktop\Lanre\DSN\African Voices\galaxy backbone\venv\Lib\site-packages\botocore\httpchecksum.py", line 241, in read
    |     chunk = super().read(amt=amt)
    |             ^^^^^^^^^^^^^^^^^^^^^
    |   File "C:\Users\Olanrewaju Lawal\Desktop\Lanre\DSN\African Voices\galaxy backbone\venv\Lib\site-packages\botocore\response.py", line 103, in read
    |     raise ReadTimeoutError(endpoint_url=e.url, error=e)
    | botocore.exceptions.ReadTimeoutError: Read timeout on endpoint URL: "None"
    +------------------------------------

During handling of the above exception, another exception occurred:

Traceback (most recent call last):
  File "C:\Users\Olanrewaju Lawal\Desktop\Lanre\DSN\African Voices\galaxy backbone\venv\Lib\site-packages\starlette\middleware\errors.py", line 164, in __call__
    await self.app(scope, receive, _send)
  File "C:\Users\Olanrewaju Lawal\Desktop\Lanre\DSN\African Voices\galaxy backbone\venv\Lib\site-packages\starlette\middleware\cors.py", line 85, in __call__
    await self.app(scope, receive, send)
  File "C:\Users\Olanrewaju Lawal\Desktop\Lanre\DSN\African Voices\galaxy backbone\venv\Lib\site-packages\starlette\middleware\base.py", line 189, in __call__
    raise app_exc
  File "C:\Users\Olanrewaju Lawal\Desktop\Lanre\DSN\African Voices\galaxy backbone\venv\Lib\site-packages\starlette\middleware\base.py", line 144, in coro
    await self.app(scope, receive_or_disconnect, send_no_error)
  File "C:\Users\Olanrewaju Lawal\Desktop\Lanre\DSN\African Voices\galaxy backbone\venv\Lib\site-packages\starlette\middleware\exceptions.py", line 63, in __call__
    await wrap_app_handling_exceptions(self.app, conn)(scope, receive, send)
  File "C:\Users\Olanrewaju Lawal\Desktop\Lanre\DSN\African Voices\galaxy backbone\venv\Lib\site-packages\starlette\_exception_handler.py", line 53, in wrapped_app
    raise exc
  File "C:\Users\Olanrewaju Lawal\Desktop\Lanre\DSN\African Voices\galaxy backbone\venv\Lib\site-packages\starlette\_exception_handler.py", line 42, in wrapped_app
    await app(scope, receive, sender)
  File "C:\Users\Olanrewaju Lawal\Desktop\Lanre\DSN\African Voices\galaxy backbone\venv\Lib\site-packages\starlette\routing.py", line 716, in __call__
    await self.middleware_stack(scope, receive, send)
  File "C:\Users\Olanrewaju Lawal\Desktop\Lanre\DSN\African Voices\galaxy backbone\venv\Lib\site-packages\starlette\routing.py", line 736, in app
    await route.handle(scope, receive, send)
  File "C:\Users\Olanrewaju Lawal\Desktop\Lanre\DSN\African Voices\galaxy backbone\venv\Lib\site-packages\starlette\routing.py", line 290, in handle
    await self.app(scope, receive, send)
  File "C:\Users\Olanrewaju Lawal\Desktop\Lanre\DSN\African Voices\galaxy backbone\venv\Lib\site-packages\starlette\routing.py", line 78, in app
    await wrap_app_handling_exceptions(app, request)(scope, receive, send)
  File "C:\Users\Olanrewaju Lawal\Desktop\Lanre\DSN\African Voices\galaxy backbone\venv\Lib\site-packages\starlette\_exception_handler.py", line 53, in wrapped_app
    raise exc
  File "C:\Users\Olanrewaju Lawal\Desktop\Lanre\DSN\African Voices\galaxy backbone\venv\Lib\site-packages\starlette\_exception_handler.py", line 42, in wrapped_app
    await app(scope, receive, sender)
  File "C:\Users\Olanrewaju Lawal\Desktop\Lanre\DSN\African Voices\galaxy backbone\venv\Lib\site-packages\starlette\routing.py", line 76, in app
    await response(scope, receive, send)
  File "C:\Users\Olanrewaju Lawal\Desktop\Lanre\DSN\African Voices\galaxy backbone\venv\Lib\site-packages\starlette\responses.py", line 270, in __call__
    with collapse_excgroups():
  File "C:\Users\Olanrewaju Lawal\AppData\Local\Programs\Python\Python312\Lib\contextlib.py", line 158, in __exit__
    self.gen.throw(value)
  File "C:\Users\Olanrewaju Lawal\Desktop\Lanre\DSN\African Voices\galaxy backbone\venv\Lib\site-packages\starlette\_utils.py", line 83, in collapse_excgroups
    raise exc
  File "C:\Users\Olanrewaju Lawal\Desktop\Lanre\DSN\African Voices\galaxy backbone\venv\Lib\site-packages\starlette\responses.py", line 274, in wrap
    await func()
  File "C:\Users\Olanrewaju Lawal\Desktop\Lanre\DSN\African Voices\galaxy backbone\venv\Lib\site-packages\starlette\responses.py", line 254, in stream_response
    async for chunk in self.body_iterator:
  File "C:\Users\Olanrewaju Lawal\Desktop\Lanre\DSN\African Voices\galaxy backbone\venv\Lib\site-packages\starlette\concurrency.py", line 61, in iterate_in_threadpool
    yield await anyio.to_thread.run_sync(_next, as_iterator)
          ^^^^^^^^^^^^^^^^^^^^^^^^^^^^^^^^^^^^^^^^^^^^^^^^^^
  File "C:\Users\Olanrewaju Lawal\Desktop\Lanre\DSN\African Voices\galaxy backbone\venv\Lib\site-packages\anyio\to_thread.py", line 56, in run_sync
    return await get_async_backend().run_sync_in_worker_thread(
           ^^^^^^^^^^^^^^^^^^^^^^^^^^^^^^^^^^^^^^^^^^^^^^^^^^^^
  File "C:\Users\Olanrewaju Lawal\Desktop\Lanre\DSN\African Voices\galaxy backbone\venv\Lib\site-packages\anyio\_backends\_asyncio.py", line 2470, in run_sync_in_worker_thread
    return await future
           ^^^^^^^^^^^^
  File "C:\Users\Olanrewaju Lawal\Desktop\Lanre\DSN\African Voices\galaxy backbone\venv\Lib\site-packages\anyio\_backends\_asyncio.py", line 967, in run
    result = context.run(func, *args)
             ^^^^^^^^^^^^^^^^^^^^^^^^
  File "C:\Users\Olanrewaju Lawal\Desktop\Lanre\DSN\African Voices\galaxy backbone\venv\Lib\site-packages\starlette\concurrency.py", line 50, in _next
    return next(iterator)
           ^^^^^^^^^^^^^^
  File "C:\Users\Olanrewaju Lawal\Desktop\Lanre\DSN\African Voices\galaxy backbone\venv\Lib\site-packages\zipstream\__init__.py", line 181, in __iter__
    for data in self.flush():
  File "C:\Users\Olanrewaju Lawal\Desktop\Lanre\DSN\African Voices\galaxy backbone\venv\Lib\site-packages\zipstream\__init__.py", line 195, in flush
    for data in self.__write(**kwargs):
  File "C:\Users\Olanrewaju Lawal\Desktop\Lanre\DSN\African Voices\galaxy backbone\venv\Lib\site-packages\zipstream\__init__.py", line 320, in __write
    for buf in iterable:
  File "C:\Users\Olanrewaju Lawal\Desktop\Lanre\DSN\African Voices\galaxy backbone\venv\Lib\site-packages\botocore\response.py", line 172, in iter_chunks
    current_chunk = self.read(chunk_size)
                    ^^^^^^^^^^^^^^^^^^^^^
  File "C:\Users\Olanrewaju Lawal\Desktop\Lanre\DSN\African Voices\galaxy backbone\venv\Lib\site-packages\botocore\httpchecksum.py", line 241, in read
    chunk = super().read(amt=amt)
            ^^^^^^^^^^^^^^^^^^^^^
  File "C:\Users\Olanrewaju Lawal\Desktop\Lanre\DSN\African Voices\galaxy backbone\venv\Lib\site-packages\botocore\response.py", line 103, in read
    raise ReadTimeoutError(endpoint_url=e.url, error=e)
botocore.exceptions.ReadTimeoutError: Read timeout on endpoint URL: "None"

2025-07-29 12:57:15,923 - INFO - 127.0.0.1:63357 - GET /api/v1/download/zip/hausa/50 - Status: [92m200[0m - Time: 4.67s
2025-07-29 12:57:31,061 - INFO - 127.0.0.1:63365 - GET /api/v1/download/zip/hausa/50 - Status: [92m200[0m - Time: 3.70s
2025-07-29 12:59:30,943 - INFO - 127.0.0.1:63444 - GET /api/v1/download/zip/hausa/50 - Status: [92m200[0m - Time: 6.53s
2025-07-29 12:59:38,391 - INFO - 127.0.0.1:63450 - GET /api/v1/download/zip/hausa/50 - Status: [92m200[0m - Time: 5.35s
2025-07-29 13:04:34,803 - INFO - 127.0.0.1:63562 - GET /api/v1/docs - Status: [92m200[0m - Time: 0.00s
2025-07-29 13:04:34,953 - INFO - 127.0.0.1:63562 - GET /api/v1/openapi.json - Status: [92m200[0m - Time: 0.03s
2025-07-29 13:05:49,227 - INFO - 127.0.0.1:63563 - GET /api/v1/download/zip/hausa/50 - Status: [92m200[0m - Time: 16.28s
2025-07-29 13:06:50,743 - INFO - 127.0.0.1:63639 - GET /api/v1/download/zip/hausa/50 - Status: [92m200[0m - Time: 13.29s
2025-07-29 13:08:13,142 - INFO - 127.0.0.1:63686 - GET /api/v1/download/zip/hausa/50 - Status: [92m200[0m - Time: 6.16s
2025-07-29 13:08:21,860 - INFO - 127.0.0.1:63690 - GET /api/v1/download/zip/hausa/50 - Status: [92m200[0m - Time: 6.72s
2025-07-29 13:11:09,795 - INFO - 127.0.0.1:63738 - GET /api/v1/download/zip/hausa/50 - Status: [92m200[0m - Time: 5.50s
2025-07-29 13:20:31,744 - INFO - 127.0.0.1:63991 - POST /api/v1/auth/signup - Status: [92m200[0m - Time: 4.11s
2025-07-29 13:21:06,666 - INFO - 127.0.0.1:63992 - POST /api/v1/auth/resend-verification-token - Status: [93m404[0m - Time: 1.30s - Reason: {'message': 'The user with this email does not exist', 'error_code': 'user_not_found', 'resolution': 'Please check the user credentials'}
2025-07-29 13:21:30,558 - INFO - 127.0.0.1:64044 - POST /api/v1/auth/signup - Status: [93m403[0m - Time: 1.37s - Reason: {'message': 'A user with this email already exists.', 'error_code': 'user_exists', 'resolution': 'Please use a different email'}
2025-07-29 13:22:47,555 - INFO - 127.0.0.1:64079 - GET /api/v1/docs - Status: [92m200[0m - Time: 0.00s
2025-07-29 13:22:47,743 - INFO - 127.0.0.1:64079 - GET /api/v1/openapi.json - Status: [92m200[0m - Time: 0.03s
2025-07-29 13:23:27,457 - INFO - 127.0.0.1:64080 - POST /api/v1/auth/verify-email/ - Status: [92m200[0m - Time: 3.75s
2025-07-29 13:25:46,094 - INFO - 127.0.0.1:64182 - GET /api/v1/download/samples/hausa/preview - Status: [92m200[0m - Time: 3.35s
2025-07-29 13:26:40,978 - INFO - 127.0.0.1:64183 - GET /api/v1/download/zip/estimate-size/hausa/50 - Status: [92m200[0m - Time: 5.87s
2025-07-29 13:29:15,974 - INFO - 127.0.0.1:64270 - GET /api/v1/download/zip/hausa/50 - Status: [92m200[0m - Time: 6.09s
2025-07-29 13:29:23,036 - INFO - 127.0.0.1:64277 - GET /api/v1/download/zip/hausa/50 - Status: [92m200[0m - Time: 5.11s
